<?xml version="1.0" encoding="UTF-8"?>
<!-- Generated by org.testng.reporters.JUnitReportReporter -->
<testsuite hostname="Radhika-HP" failures="0" tests="1" name="Academy.EndToEndProject.ValidateTitle" time="0.399" errors="0" timestamp="2021-06-06T16:59:30 IST" skipped="0">
  <testcase classname="Academy.EndToEndProject.ValidateTitle" name="ValidateTitleMethod" time="0.399"/>
  <system-out/>
</testsuite> <!-- Academy.EndToEndProject.ValidateTitle -->
