<?xml version="1.0" encoding="UTF-8"?>
<!-- Generated by org.testng.reporters.JUnitReportReporter -->
<testsuite hostname="Radhika-HP" failures="0" tests="1" name="Academy.EndToEndProject.ValidateNavBar" time="0.637" errors="0" timestamp="2021-06-06T16:59:30 IST" skipped="0">
  <testcase classname="Academy.EndToEndProject.ValidateNavBar" name="basePageNavigation" time="0.637"/>
  <system-out/>
</testsuite> <!-- Academy.EndToEndProject.ValidateNavBar -->
