<?xml version="1.0" encoding="UTF-8"?>
<!-- Generated by org.testng.reporters.JUnitReportReporter -->
<testsuite hostname="Radhika-HP" failures="0" tests="2" name="Academy.EndToEndProject.HomePage" time="49.211" errors="0" timestamp="2021-06-06T16:59:30 IST" skipped="0">
  <testcase classname="Academy.EndToEndProject.HomePage" name="basePageNavigation" time="26.800"/>
  <system-out/>
  <testcase classname="Academy.EndToEndProject.HomePage" name="basePageNavigation" time="22.411"/>
  <system-out/>
</testsuite> <!-- Academy.EndToEndProject.HomePage -->
